[2026-04-25 18:35:35] [INFO] 🚀 Starting batch scrape session
[2026-04-25 18:35:35] [INFO] 📋 Total courses: 23
[2026-04-25 18:35:35] [INFO] ⏱️  Delay between courses: 45.0s | Scraper internal delay: 20.0s
[2026-04-25 18:35:35] [INFO] ⏭️  Will skip courses with existing output files
[2026-04-25 18:35:35] [INFO] [1/23] 🎯 Processing OSCM 471 → oscm471_reviews.json
[2026-04-25 18:35:35] [INFO] 🔍 Running: /Users/athirumalai/Desktop/Hack-AZ/.venv/bin/python3 scraper.py --subject OSCM --number 471 --out oscm471_reviews.json --delay 20.0
[2026-04-25 18:35:36] [SCRAPER]    └─ [18:35:35] [INFO] 🎯 Starting scrape for OSCM 471
[2026-04-25 18:35:36] [SCRAPER]    └─ [18:35:35] [INFO] Fetching course page: https://www.coursicle.com/arizona/courses/OSCM/471/
[2026-04-25 18:35:36] [SCRAPER]    └─ [18:35:35] [INFO] Found 1 professor(s): Seokjun Youn
[2026-04-25 18:35:36] [SCRAPER]    └─ [18:35:35] [INFO] Obtaining session UUID...
[2026-04-25 18:35:36] [SCRAPER]    └─ [18:35:35] [INFO] [1/1] Fetching reviews for Seokjun Youn...
[2026-04-25 18:35:36] [SCRAPER]    └─ [18:35:36] [INFO] ✓ Collected 0 reviews for Seokjun Youn
[2026-04-25 18:35:36] [SCRAPER]    └─ [18:35:36] [INFO] ✅ Wrote 0 reviews to oscm471_reviews.json
[2026-04-25 18:35:36] [INFO] [1/23] ✅ Success: oscm471_reviews.json
[2026-04-25 18:35:36] [INFO] 😴 Waiting 45.0s before next course...
[2026-04-25 18:36:21] [INFO] [2/23] 🎯 Processing OSCM 474 → oscm474_reviews.json
[2026-04-25 18:36:21] [INFO] 🔍 Running: /Users/athirumalai/Desktop/Hack-AZ/.venv/bin/python3 scraper.py --subject OSCM --number 474 --out oscm474_reviews.json --delay 20.0
[2026-04-25 18:36:21] [SCRAPER]    └─ [18:36:21] [INFO] 🎯 Starting scrape for OSCM 474
[2026-04-25 18:36:21] [SCRAPER]    └─ [18:36:21] [INFO] Fetching course page: https://www.coursicle.com/arizona/courses/OSCM/474/
[2026-04-25 18:36:21] [SCRAPER]    └─ [18:36:21] [INFO] Found 1 professor(s): Ken Gyure
[2026-04-25 18:36:21] [SCRAPER]    └─ [18:36:21] [INFO] Obtaining session UUID...
[2026-04-25 18:36:21] [SCRAPER]    └─ [18:36:21] [INFO] [1/1] Fetching reviews for Ken Gyure...
[2026-04-25 18:36:21] [SCRAPER]    └─ [18:36:21] [INFO] ✓ Collected 0 reviews for Ken Gyure
[2026-04-25 18:36:21] [SCRAPER]    └─ [18:36:21] [INFO] ✅ Wrote 0 reviews to oscm474_reviews.json
[2026-04-25 18:36:21] [INFO] [2/23] ✅ Success: oscm474_reviews.json
[2026-04-25 18:36:21] [INFO] 😴 Waiting 45.0s before next course...
[2026-04-25 18:37:06] [INFO] [3/23] 🎯 Processing OSCM 475 → oscm475_reviews.json
[2026-04-25 18:37:06] [INFO] 🔍 Running: /Users/athirumalai/Desktop/Hack-AZ/.venv/bin/python3 scraper.py --subject OSCM --number 475 --out oscm475_reviews.json --delay 20.0
[2026-04-25 18:37:07] [SCRAPER]    └─ [18:37:06] [INFO] 🎯 Starting scrape for OSCM 475
[2026-04-25 18:37:07] [SCRAPER]    └─ [18:37:06] [INFO] Fetching course page: https://www.coursicle.com/arizona/courses/OSCM/475/
[2026-04-25 18:37:07] [SCRAPER]    └─ [18:37:07] [INFO] Found 1 professor(s): Ken Gyure
[2026-04-25 18:37:07] [SCRAPER]    └─ [18:37:07] [INFO] Obtaining session UUID...
[2026-04-25 18:37:07] [SCRAPER]    └─ [18:37:07] [INFO] [1/1] Fetching reviews for Ken Gyure...
[2026-04-25 18:37:07] [SCRAPER]    └─ [18:37:07] [INFO] ✓ Collected 0 reviews for Ken Gyure
[2026-04-25 18:37:07] [SCRAPER]    └─ [18:37:07] [INFO] ✅ Wrote 0 reviews to oscm475_reviews.json
[2026-04-25 18:37:07] [INFO] [3/23] ✅ Success: oscm475_reviews.json
[2026-04-25 18:37:07] [INFO] 😴 Waiting 45.0s before next course...
[2026-04-25 18:37:52] [INFO] [4/23] 🎯 Processing OSCM 477 → oscm477_reviews.json
[2026-04-25 18:37:52] [INFO] 🔍 Running: /Users/athirumalai/Desktop/Hack-AZ/.venv/bin/python3 scraper.py --subject OSCM --number 477 --out oscm477_reviews.json --delay 20.0
[2026-04-25 18:37:52] [SCRAPER]    └─ [18:37:52] [INFO] 🎯 Starting scrape for OSCM 477
[2026-04-25 18:37:52] [SCRAPER]    └─ [18:37:52] [INFO] Fetching course page: https://www.coursicle.com/arizona/courses/OSCM/477/
[2026-04-25 18:37:52] [SCRAPER]    └─ [18:37:52] [INFO] Found 1 professor(s): Ken Gyure
[2026-04-25 18:37:52] [SCRAPER]    └─ [18:37:52] [INFO] Obtaining session UUID...
[2026-04-25 18:37:52] [SCRAPER]    └─ [18:37:52] [INFO] [1/1] Fetching reviews for Ken Gyure...
[2026-04-25 18:37:52] [SCRAPER]    └─ [18:37:52] [INFO] ✓ Collected 2 reviews for Ken Gyure
[2026-04-25 18:37:52] [SCRAPER]    └─ [18:37:52] [INFO] ✅ Wrote 2 reviews to oscm477_reviews.json
[2026-04-25 18:37:52] [INFO] [4/23] ✅ Success: oscm477_reviews.json
[2026-04-25 18:37:52] [INFO] 😴 Waiting 45.0s before next course...
[2026-04-25 18:38:38] [INFO] [5/23] 🎯 Processing MKTG 355 → mktg355_reviews.json
[2026-04-25 18:38:38] [INFO] 🔍 Running: /Users/athirumalai/Desktop/Hack-AZ/.venv/bin/python3 scraper.py --subject MKTG --number 355 --out mktg355_reviews.json --delay 20.0
[2026-04-25 18:39:00] [SCRAPER]    └─ [18:38:38] [INFO] 🎯 Starting scrape for MKTG 355
[2026-04-25 18:39:00] [SCRAPER]    └─ [18:38:38] [INFO] Fetching course page: https://www.coursicle.com/arizona/courses/MKTG/355/
[2026-04-25 18:39:00] [SCRAPER]    └─ [18:38:38] [INFO] Found 2 professor(s): Christopher Moran, Victor Piscitello
[2026-04-25 18:39:00] [SCRAPER]    └─ [18:38:38] [INFO] Obtaining session UUID...
[2026-04-25 18:39:00] [SCRAPER]    └─ [18:38:38] [INFO] [1/2] Fetching reviews for Christopher Moran...
[2026-04-25 18:39:00] [SCRAPER]    └─ [18:38:38] [INFO] ✓ Collected 0 reviews for Christopher Moran
[2026-04-25 18:39:00] [SCRAPER]    └─ [18:38:38] [INFO] [2/2] Fetching reviews for Victor Piscitello...
[2026-04-25 18:39:00] [SCRAPER]    └─ [18:38:38] [INFO] Waiting 21.0s before next professor...
[2026-04-25 18:39:00] [SCRAPER]    └─ [18:39:00] [INFO] ✓ Collected 6 reviews for Victor Piscitello
[2026-04-25 18:39:00] [SCRAPER]    └─ [18:39:00] [INFO] ✅ Wrote 6 reviews to mktg355_reviews.json
[2026-04-25 18:39:00] [INFO] [5/23] ✅ Success: mktg355_reviews.json
[2026-04-25 18:39:00] [INFO] 😴 Waiting 45.0s before next course...
[2026-04-25 18:39:45] [INFO] [6/23] 🎯 Processing MKTG 361 → mktg361_reviews.json
[2026-04-25 18:39:45] [INFO] 🔍 Running: /Users/athirumalai/Desktop/Hack-AZ/.venv/bin/python3 scraper.py --subject MKTG --number 361 --out mktg361_reviews.json --delay 20.0
[2026-04-25 18:41:33] [SCRAPER]    └─ [18:39:45] [INFO] 🎯 Starting scrape for MKTG 361
[2026-04-25 18:41:33] [SCRAPER]    └─ [18:39:45] [INFO] Fetching course page: https://www.coursicle.com/arizona/courses/MKTG/361/
[2026-04-25 18:41:33] [SCRAPER]    └─ [18:39:45] [INFO] Found 6 professor(s): Margaret Ebeling, Richard Strickler, Lilian Almeida, Jonathan Gilbert, Victor Piscitello, Melissa Leal
[2026-04-25 18:41:33] [SCRAPER]    └─ [18:39:45] [INFO] Obtaining session UUID...
[2026-04-25 18:41:33] [SCRAPER]    └─ [18:39:45] [INFO] [1/6] Fetching reviews for Margaret Ebeling...
[2026-04-25 18:41:33] [SCRAPER]    └─ [18:39:45] [INFO] ✓ Collected 36 reviews for Margaret Ebeling
[2026-04-25 18:41:33] [SCRAPER]    └─ [18:39:45] [INFO] [2/6] Fetching reviews for Richard Strickler...
[2026-04-25 18:41:33] [SCRAPER]    └─ [18:39:45] [INFO] Waiting 21.9s before next professor...
[2026-04-25 18:41:33] [SCRAPER]    └─ [18:40:07] [INFO] ✓ Collected 9 reviews for Richard Strickler
[2026-04-25 18:41:33] [SCRAPER]    └─ [18:40:07] [INFO] [3/6] Fetching reviews for Lilian Almeida...
[2026-04-25 18:41:33] [SCRAPER]    └─ [18:40:07] [INFO] Waiting 21.2s before next professor...
[2026-04-25 18:41:33] [SCRAPER]    └─ [18:40:29] [INFO] ✓ Collected 6 reviews for Lilian Almeida
[2026-04-25 18:41:33] [SCRAPER]    └─ [18:40:29] [INFO] [4/6] Fetching reviews for Jonathan Gilbert...
[2026-04-25 18:41:33] [SCRAPER]    └─ [18:40:29] [INFO] Waiting 21.1s before next professor...
[2026-04-25 18:41:33] [SCRAPER]    └─ [18:40:50] [INFO] ✓ Collected 0 reviews for Jonathan Gilbert
[2026-04-25 18:41:33] [SCRAPER]    └─ [18:40:50] [INFO] [5/6] Fetching reviews for Victor Piscitello...
[2026-04-25 18:41:33] [SCRAPER]    └─ [18:40:50] [INFO] Waiting 21.0s before next professor...
[2026-04-25 18:41:33] [SCRAPER]    └─ [18:41:12] [INFO] ✓ Collected 91 reviews for Victor Piscitello
[2026-04-25 18:41:33] [SCRAPER]    └─ [18:41:12] [INFO] [6/6] Fetching reviews for Melissa Leal...
[2026-04-25 18:41:33] [SCRAPER]    └─ [18:41:12] [INFO] Waiting 21.1s before next professor...
[2026-04-25 18:41:33] [SCRAPER]    └─ [18:41:33] [INFO] ✓ Collected 0 reviews for Melissa Leal
[2026-04-25 18:41:33] [SCRAPER]    └─ [18:41:33] [INFO] ✅ Wrote 142 reviews to mktg361_reviews.json
[2026-04-25 18:41:33] [INFO] [6/23] ✅ Success: mktg361_reviews.json
[2026-04-25 18:41:33] [INFO] 😴 Waiting 45.0s before next course...
[2026-04-25 18:42:18] [INFO] [7/23] 🎯 Processing MKTG 376 → mktg376_reviews.json
[2026-04-25 18:42:18] [INFO] 🔍 Running: /Users/athirumalai/Desktop/Hack-AZ/.venv/bin/python3 scraper.py --subject MKTG --number 376 --out mktg376_reviews.json --delay 20.0
[2026-04-25 18:45:10] [SCRAPER]    └─ [18:42:18] [INFO] 🎯 Starting scrape for MKTG 376
[2026-04-25 18:45:10] [SCRAPER]    └─ [18:42:18] [INFO] Fetching course page: https://www.coursicle.com/arizona/courses/MKTG/376/
[2026-04-25 18:45:10] [SCRAPER]    └─ [18:42:18] [INFO] Found 9 professor(s): Sangeetha Venkat, Trevor Kvaran, Pete Zhou, Xinying Hao, Arash Roghani, Sangeetha Venkataramani, Christian Pangaribuan, Alan Wark, Roberta Schultz
[2026-04-25 18:45:10] [SCRAPER]    └─ [18:42:18] [INFO] Obtaining session UUID...
[2026-04-25 18:45:10] [SCRAPER]    └─ [18:42:18] [INFO] [1/9] Fetching reviews for Sangeetha Venkat...
[2026-04-25 18:45:10] [SCRAPER]    └─ [18:42:19] [INFO] ✓ Collected 0 reviews for Sangeetha Venkat
[2026-04-25 18:45:10] [SCRAPER]    └─ [18:42:19] [INFO] [2/9] Fetching reviews for Trevor Kvaran...
[2026-04-25 18:45:10] [SCRAPER]    └─ [18:42:19] [INFO] Waiting 20.9s before next professor...
[2026-04-25 18:45:10] [SCRAPER]    └─ [18:42:40] [INFO] ✓ Collected 0 reviews for Trevor Kvaran
[2026-04-25 18:45:10] [SCRAPER]    └─ [18:42:40] [INFO] [3/9] Fetching reviews for Pete Zhou...
[2026-04-25 18:45:10] [SCRAPER]    └─ [18:42:40] [INFO] Waiting 20.8s before next professor...
[2026-04-25 18:45:10] [SCRAPER]    └─ [18:43:01] [INFO] ✓ Collected 0 reviews for Pete Zhou
[2026-04-25 18:45:10] [SCRAPER]    └─ [18:43:01] [INFO] [4/9] Fetching reviews for Xinying Hao...
[2026-04-25 18:45:10] [SCRAPER]    └─ [18:43:01] [INFO] Waiting 20.8s before next professor...
[2026-04-25 18:45:10] [SCRAPER]    └─ [18:43:22] [INFO] ✓ Collected 3 reviews for Xinying Hao
[2026-04-25 18:45:10] [SCRAPER]    └─ [18:43:22] [INFO] [5/9] Fetching reviews for Arash Roghani...
[2026-04-25 18:45:10] [SCRAPER]    └─ [18:43:22] [INFO] Waiting 21.7s before next professor...
[2026-04-25 18:45:10] [SCRAPER]    └─ [18:43:44] [INFO] ✓ Collected 0 reviews for Arash Roghani
[2026-04-25 18:45:10] [SCRAPER]    └─ [18:43:44] [INFO] [6/9] Fetching reviews for Sangeetha Venkataramani...
[2026-04-25 18:45:10] [SCRAPER]    └─ [18:43:44] [INFO] Waiting 21.1s before next professor...
[2026-04-25 18:45:10] [SCRAPER]    └─ [18:44:05] [INFO] ✓ Collected 25 reviews for Sangeetha Venkataramani
[2026-04-25 18:45:10] [SCRAPER]    └─ [18:44:05] [INFO] [7/9] Fetching reviews for Christian Pangaribuan...
[2026-04-25 18:45:10] [SCRAPER]    └─ [18:44:05] [INFO] Waiting 21.8s before next professor...
[2026-04-25 18:45:10] [SCRAPER]    └─ [18:44:27] [INFO] ✓ Collected 0 reviews for Christian Pangaribuan
[2026-04-25 18:45:10] [SCRAPER]    └─ [18:44:27] [INFO] [8/9] Fetching reviews for Alan Wark...
[2026-04-25 18:45:10] [SCRAPER]    └─ [18:44:27] [INFO] Waiting 20.9s before next professor...
[2026-04-25 18:45:10] [SCRAPER]    └─ [18:44:48] [INFO] ✓ Collected 0 reviews for Alan Wark
[2026-04-25 18:45:10] [SCRAPER]    └─ [18:44:48] [INFO] [9/9] Fetching reviews for Roberta Schultz...
[2026-04-25 18:45:10] [SCRAPER]    └─ [18:44:48] [INFO] Waiting 21.8s before next professor...
[2026-04-25 18:45:10] [SCRAPER]    └─ [18:45:10] [INFO] ✓ Collected 4 reviews for Roberta Schultz
[2026-04-25 18:45:10] [SCRAPER]    └─ [18:45:10] [INFO] ✅ Wrote 32 reviews to mktg376_reviews.json
[2026-04-25 18:45:10] [INFO] [7/23] ✅ Success: mktg376_reviews.json
[2026-04-25 18:45:10] [INFO] 😴 Waiting 45.0s before next course...
[2026-04-25 18:45:55] [INFO] [8/23] 🎯 Processing MKTG 423 → mktg423_reviews.json
[2026-04-25 18:45:55] [INFO] 🔍 Running: /Users/athirumalai/Desktop/Hack-AZ/.venv/bin/python3 scraper.py --subject MKTG --number 423 --out mktg423_reviews.json --delay 20.0
[2026-04-25 18:50:32] [SCRAPER]    └─ [18:45:55] [INFO] 🎯 Starting scrape for MKTG 423
[2026-04-25 18:50:32] [SCRAPER]    └─ [18:45:55] [INFO] Fetching course page: https://www.coursicle.com/arizona/courses/MKTG/423/
[2026-04-25 18:50:32] [SCRAPER]    └─ [18:46:08] [WARN] Rate limited (429) on https://www.coursicle.com/arizona/courses/MKTG/423/. Waiting 15s before retry 1/3
[2026-04-25 18:50:32] [SCRAPER]    └─ [18:46:36] [WARN] Rate limited (429) on https://www.coursicle.com/arizona/courses/MKTG/423/. Waiting 30s before retry 2/3
[2026-04-25 18:50:32] [SCRAPER]    └─ [18:47:19] [WARN] Rate limited (429) on https://www.coursicle.com/arizona/courses/MKTG/423/. Waiting 60s before retry 3/3
[2026-04-25 18:50:32] [SCRAPER]    └─ [18:48:32] [WARN] Rate limited (429) on https://www.coursicle.com/arizona/courses/MKTG/423/. Waiting 120s before retry 4/3
[2026-04-25 18:50:32] [SCRAPER]    └─ [18:50:32] [ERROR] Failed to fetch course page for MKTG 423
[2026-04-25 18:50:32] [SCRAPER]    └─ [18:50:32] [ERROR] ❌ Failed to scrape MKTG 423
[2026-04-25 18:50:32] [ERROR] [8/23] ❌ Failed: MKTG 423
[2026-04-25 18:50:32] [INFO] 😴 Waiting 45.0s before next course...
[2026-04-25 18:51:17] [INFO] [9/23] 🎯 Processing MKTG 425 → mktg425_reviews.json
[2026-04-25 18:51:17] [INFO] 🔍 Running: /Users/athirumalai/Desktop/Hack-AZ/.venv/bin/python3 scraper.py --subject MKTG --number 425 --out mktg425_reviews.json --delay 20.0
[2026-04-25 18:55:54] [SCRAPER]    └─ [18:51:17] [INFO] 🎯 Starting scrape for MKTG 425
[2026-04-25 18:55:54] [SCRAPER]    └─ [18:51:17] [INFO] Fetching course page: https://www.coursicle.com/arizona/courses/MKTG/425/
[2026-04-25 18:55:54] [SCRAPER]    └─ [18:51:30] [WARN] Rate limited (429) on https://www.coursicle.com/arizona/courses/MKTG/425/. Waiting 15s before retry 1/3
[2026-04-25 18:55:54] [SCRAPER]    └─ [18:51:58] [WARN] Rate limited (429) on https://www.coursicle.com/arizona/courses/MKTG/425/. Waiting 30s before retry 2/3
[2026-04-25 18:55:54] [SCRAPER]    └─ [18:52:41] [WARN] Rate limited (429) on https://www.coursicle.com/arizona/courses/MKTG/425/. Waiting 60s before retry 3/3
[2026-04-25 18:55:54] [SCRAPER]    └─ [18:53:54] [WARN] Rate limited (429) on https://www.coursicle.com/arizona/courses/MKTG/425/. Waiting 120s before retry 4/3
[2026-04-25 18:55:54] [SCRAPER]    └─ [18:55:54] [ERROR] Failed to fetch course page for MKTG 425
[2026-04-25 18:55:54] [SCRAPER]    └─ [18:55:54] [ERROR] ❌ Failed to scrape MKTG 425
[2026-04-25 18:55:54] [ERROR] [9/23] ❌ Failed: MKTG 425
[2026-04-25 18:55:54] [INFO] 😴 Waiting 45.0s before next course...
[2026-04-25 18:56:39] [INFO] [10/23] 🎯 Processing MKTG 426 → mktg426_reviews.json
[2026-04-25 18:56:39] [INFO] 🔍 Running: /Users/athirumalai/Desktop/Hack-AZ/.venv/bin/python3 scraper.py --subject MKTG --number 426 --out mktg426_reviews.json --delay 20.0
[2026-04-25 19:01:16] [SCRAPER]    └─ [18:56:40] [INFO] 🎯 Starting scrape for MKTG 426
[2026-04-25 19:01:16] [SCRAPER]    └─ [18:56:40] [INFO] Fetching course page: https://www.coursicle.com/arizona/courses/MKTG/426/
[2026-04-25 19:01:16] [SCRAPER]    └─ [18:56:52] [WARN] Rate limited (429) on https://www.coursicle.com/arizona/courses/MKTG/426/. Waiting 15s before retry 1/3
[2026-04-25 19:01:16] [SCRAPER]    └─ [18:57:20] [WARN] Rate limited (429) on https://www.coursicle.com/arizona/courses/MKTG/426/. Waiting 30s before retry 2/3
[2026-04-25 19:01:16] [SCRAPER]    └─ [18:58:03] [WARN] Rate limited (429) on https://www.coursicle.com/arizona/courses/MKTG/426/. Waiting 60s before retry 3/3
[2026-04-25 19:01:16] [SCRAPER]    └─ [18:59:16] [WARN] Rate limited (429) on https://www.coursicle.com/arizona/courses/MKTG/426/. Waiting 120s before retry 4/3
[2026-04-25 19:01:16] [SCRAPER]    └─ [19:01:16] [ERROR] Failed to fetch course page for MKTG 426
[2026-04-25 19:01:16] [SCRAPER]    └─ [19:01:16] [ERROR] ❌ Failed to scrape MKTG 426
[2026-04-25 19:01:16] [ERROR] [10/23] ❌ Failed: MKTG 426
[2026-04-25 19:01:16] [INFO] 😴 Waiting 45.0s before next course...
[2026-04-25 19:02:01] [INFO] [11/23] 🎯 Processing MKTG 428 → mktg428_reviews.json
[2026-04-25 19:02:01] [INFO] 🔍 Running: /Users/athirumalai/Desktop/Hack-AZ/.venv/bin/python3 scraper.py --subject MKTG --number 428 --out mktg428_reviews.json --delay 20.0
[2026-04-25 19:06:38] [SCRAPER]    └─ [19:02:01] [INFO] 🎯 Starting scrape for MKTG 428
[2026-04-25 19:06:38] [SCRAPER]    └─ [19:02:01] [INFO] Fetching course page: https://www.coursicle.com/arizona/courses/MKTG/428/
[2026-04-25 19:06:38] [SCRAPER]    └─ [19:02:15] [WARN] Rate limited (429) on https://www.coursicle.com/arizona/courses/MKTG/428/. Waiting 15s before retry 1/3
[2026-04-25 19:06:38] [SCRAPER]    └─ [19:02:43] [WARN] Rate limited (429) on https://www.coursicle.com/arizona/courses/MKTG/428/. Waiting 30s before retry 2/3
[2026-04-25 19:06:38] [SCRAPER]    └─ [19:03:25] [WARN] Rate limited (429) on https://www.coursicle.com/arizona/courses/MKTG/428/. Waiting 60s before retry 3/3
[2026-04-25 19:06:38] [SCRAPER]    └─ [19:04:38] [WARN] Rate limited (429) on https://www.coursicle.com/arizona/courses/MKTG/428/. Waiting 120s before retry 4/3
[2026-04-25 19:06:38] [SCRAPER]    └─ [19:06:38] [ERROR] Failed to fetch course page for MKTG 428
[2026-04-25 19:06:38] [SCRAPER]    └─ [19:06:38] [ERROR] ❌ Failed to scrape MKTG 428
[2026-04-25 19:06:38] [ERROR] [11/23] ❌ Failed: MKTG 428
[2026-04-25 19:06:38] [INFO] 😴 Waiting 45.0s before next course...
[2026-04-25 19:07:23] [INFO] [12/23] 🎯 Processing MKTG 430 → mktg430_reviews.json
[2026-04-25 19:07:23] [INFO] 🔍 Running: /Users/athirumalai/Desktop/Hack-AZ/.venv/bin/python3 scraper.py --subject MKTG --number 430 --out mktg430_reviews.json --delay 20.0
